Feb 16, 2015 2:32:11 PM org.apache.solr.servlet.SolrDispatchFilter init
INFO: SolrDispatchFilter.init()
Feb 16, 2015 2:32:11 PM org.apache.solr.core.SolrResourceLoader locateSolrHome
INFO: JNDI not configured for solr (NoInitialContextEx)
Feb 16, 2015 2:32:11 PM org.apache.solr.core.SolrResourceLoader locateSolrHome
INFO: using system property solr.solr.home: /Users/sgharms/moose/StoryVine/solr
Feb 16, 2015 2:32:11 PM org.apache.solr.core.CoreContainer$Initializer initialize
INFO: looking for solr.xml: /Users/sgharms/moose/StoryVine/solr/solr.xml
Feb 16, 2015 2:32:11 PM org.apache.solr.core.CoreContainer <init>
INFO: New CoreContainer 925668695
Feb 16, 2015 2:32:11 PM org.apache.solr.core.CoreContainer load
INFO: Loading CoreContainer using Solr Home: '/Users/sgharms/moose/StoryVine/solr/'
Feb 16, 2015 2:32:11 PM org.apache.solr.core.SolrResourceLoader <init>
INFO: new SolrResourceLoader for directory: '/Users/sgharms/moose/StoryVine/solr/'
Feb 16, 2015 2:32:11 PM org.apache.solr.handler.component.HttpShardHandlerFactory getParameter
INFO: Setting socketTimeout to: 0
Feb 16, 2015 2:32:11 PM org.apache.solr.handler.component.HttpShardHandlerFactory getParameter
INFO: Setting urlScheme to: http://
Feb 16, 2015 2:32:11 PM org.apache.solr.handler.component.HttpShardHandlerFactory getParameter
INFO: Setting connTimeout to: 0
Feb 16, 2015 2:32:11 PM org.apache.solr.handler.component.HttpShardHandlerFactory getParameter
INFO: Setting maxConnectionsPerHost to: 20
Feb 16, 2015 2:32:11 PM org.apache.solr.handler.component.HttpShardHandlerFactory getParameter
INFO: Setting corePoolSize to: 0
Feb 16, 2015 2:32:11 PM org.apache.solr.handler.component.HttpShardHandlerFactory getParameter
INFO: Setting maximumPoolSize to: 2147483647
Feb 16, 2015 2:32:11 PM org.apache.solr.handler.component.HttpShardHandlerFactory getParameter
INFO: Setting maxThreadIdleTime to: 5
Feb 16, 2015 2:32:11 PM org.apache.solr.handler.component.HttpShardHandlerFactory getParameter
INFO: Setting sizeOfQueue to: -1
Feb 16, 2015 2:32:11 PM org.apache.solr.handler.component.HttpShardHandlerFactory getParameter
INFO: Setting fairnessPolicy to: false
Feb 16, 2015 2:32:11 PM org.apache.solr.client.solrj.impl.HttpClientUtil createClient
INFO: Creating new http client, config:maxConnectionsPerHost=20&maxConnections=10000&socketTimeout=0&connTimeout=0&retry=false
Feb 16, 2015 2:32:11 PM org.apache.solr.core.CoreContainer load
INFO: Registering Log Listener
Feb 16, 2015 2:32:11 PM org.apache.solr.core.CoreContainer create
INFO: Creating SolrCore 'default' using instanceDir: /Users/sgharms/moose/StoryVine/solr/.
Feb 16, 2015 2:32:11 PM org.apache.solr.core.SolrResourceLoader <init>
INFO: new SolrResourceLoader for directory: '/Users/sgharms/moose/StoryVine/solr/./'
Feb 16, 2015 2:32:11 PM org.apache.solr.core.CoreContainer create
INFO: Creating SolrCore 'development' using instanceDir: /Users/sgharms/moose/StoryVine/solr/.
Feb 16, 2015 2:32:11 PM org.apache.solr.core.SolrResourceLoader <init>
INFO: new SolrResourceLoader for directory: '/Users/sgharms/moose/StoryVine/solr/./'
Feb 16, 2015 2:32:11 PM org.apache.solr.core.CoreContainer create
INFO: Creating SolrCore 'test' using instanceDir: /Users/sgharms/moose/StoryVine/solr/.
Feb 16, 2015 2:32:11 PM org.apache.solr.core.SolrResourceLoader <init>
INFO: new SolrResourceLoader for directory: '/Users/sgharms/moose/StoryVine/solr/./'
Feb 16, 2015 2:32:11 PM org.apache.solr.core.SolrConfig <init>
INFO: Using Lucene MatchVersion: LUCENE_41
Feb 16, 2015 2:32:11 PM org.apache.solr.core.SolrConfig <init>
INFO: Using Lucene MatchVersion: LUCENE_41
Feb 16, 2015 2:32:11 PM org.apache.solr.core.SolrConfig <init>
INFO: Using Lucene MatchVersion: LUCENE_41
Feb 16, 2015 2:32:11 PM org.apache.solr.core.SolrConfig <init>
INFO: Loaded SolrConfig: solrconfig.xml
Feb 16, 2015 2:32:11 PM org.apache.solr.core.SolrConfig <init>
INFO: Loaded SolrConfig: solrconfig.xml
Feb 16, 2015 2:32:11 PM org.apache.solr.schema.IndexSchema readSchema
INFO: Reading Solr Schema
Feb 16, 2015 2:32:11 PM org.apache.solr.schema.IndexSchema readSchema
INFO: Reading Solr Schema
Feb 16, 2015 2:32:11 PM org.apache.solr.core.SolrConfig <init>
INFO: Loaded SolrConfig: solrconfig.xml
Feb 16, 2015 2:32:11 PM org.apache.solr.schema.IndexSchema readSchema
INFO: Reading Solr Schema
Feb 16, 2015 2:32:11 PM org.apache.solr.schema.IndexSchema readSchema
INFO: Schema name=sunspot
Feb 16, 2015 2:32:11 PM org.apache.solr.schema.IndexSchema readSchema
INFO: Schema name=sunspot
Feb 16, 2015 2:32:11 PM org.apache.solr.schema.IndexSchema readSchema
INFO: Schema name=sunspot
Feb 16, 2015 2:32:12 PM org.apache.solr.schema.IndexSchema readSchema
INFO: default search field in schema is text
Feb 16, 2015 2:32:12 PM org.apache.solr.schema.IndexSchema readSchema
INFO: default search field in schema is text
Feb 16, 2015 2:32:12 PM org.apache.solr.schema.IndexSchema readSchema
INFO: query parser default operator is AND
Feb 16, 2015 2:32:12 PM org.apache.solr.schema.IndexSchema readSchema
INFO: query parser default operator is AND
Feb 16, 2015 2:32:12 PM org.apache.solr.schema.IndexSchema readSchema
INFO: unique key field: id
Feb 16, 2015 2:32:12 PM org.apache.solr.schema.IndexSchema readSchema
INFO: default search field in schema is text
Feb 16, 2015 2:32:12 PM org.apache.solr.schema.IndexSchema readSchema
INFO: unique key field: id
Feb 16, 2015 2:32:12 PM org.apache.solr.schema.IndexSchema readSchema
INFO: query parser default operator is AND
Feb 16, 2015 2:32:12 PM org.apache.solr.schema.IndexSchema readSchema
INFO: unique key field: id
Feb 16, 2015 2:32:12 PM org.apache.solr.core.SolrCore <init>
INFO: [default] Opening new SolrCore at /Users/sgharms/moose/StoryVine/solr/./, dataDir=/Users/sgharms/moose/StoryVine/solr/./default/data/
Feb 16, 2015 2:32:12 PM org.apache.solr.core.SolrCore <init>
INFO: [test] Opening new SolrCore at /Users/sgharms/moose/StoryVine/solr/./, dataDir=/Users/sgharms/moose/StoryVine/solr/./test/data/
Feb 16, 2015 2:32:12 PM org.apache.solr.core.SolrCore <init>
INFO: [development] Opening new SolrCore at /Users/sgharms/moose/StoryVine/solr/./, dataDir=/Users/sgharms/moose/StoryVine/solr/./development/data/
Feb 16, 2015 2:32:12 PM org.apache.solr.core.SolrCore <init>
INFO: JMX monitoring not detected for core: test
Feb 16, 2015 2:32:12 PM org.apache.solr.core.SolrCore <init>
INFO: JMX monitoring not detected for core: default
Feb 16, 2015 2:32:12 PM org.apache.solr.core.SolrCore <init>
INFO: JMX monitoring not detected for core: development
Feb 16, 2015 2:32:12 PM org.apache.solr.core.SolrCore initDirectoryFactory
INFO: solr.NRTCachingDirectoryFactory
Feb 16, 2015 2:32:12 PM org.apache.solr.core.SolrCore initDirectoryFactory
INFO: solr.NRTCachingDirectoryFactory
Feb 16, 2015 2:32:12 PM org.apache.solr.core.SolrCore initDirectoryFactory
INFO: solr.NRTCachingDirectoryFactory
Feb 16, 2015 2:32:12 PM org.apache.solr.core.CachingDirectoryFactory get
INFO: return new directory for /Users/sgharms/moose/StoryVine/solr/./default/data forceNew: false
Feb 16, 2015 2:32:12 PM org.apache.solr.core.CachingDirectoryFactory get
INFO: return new directory for /Users/sgharms/moose/StoryVine/solr/./test/data forceNew: false
Feb 16, 2015 2:32:12 PM org.apache.solr.core.CachingDirectoryFactory get
INFO: return new directory for /Users/sgharms/moose/StoryVine/solr/./development/data forceNew: false
Feb 16, 2015 2:32:12 PM org.apache.solr.core.SolrCore getNewIndexDir
INFO: New index directory detected: old=null new=/Users/sgharms/moose/StoryVine/solr/./test/data/index/
Feb 16, 2015 2:32:12 PM org.apache.solr.core.SolrCore getNewIndexDir
INFO: New index directory detected: old=null new=/Users/sgharms/moose/StoryVine/solr/./default/data/index/
Feb 16, 2015 2:32:12 PM org.apache.solr.core.SolrCore getNewIndexDir
INFO: New index directory detected: old=null new=/Users/sgharms/moose/StoryVine/solr/./development/data/index/
Feb 16, 2015 2:32:12 PM org.apache.solr.core.CachingDirectoryFactory get
INFO: return new directory for /Users/sgharms/moose/StoryVine/solr/./development/data/index forceNew: false
Feb 16, 2015 2:32:12 PM org.apache.solr.core.CachingDirectoryFactory get
INFO: return new directory for /Users/sgharms/moose/StoryVine/solr/./default/data/index forceNew: false
Feb 16, 2015 2:32:12 PM org.apache.solr.core.CachingDirectoryFactory get
INFO: return new directory for /Users/sgharms/moose/StoryVine/solr/./test/data/index forceNew: false
Feb 16, 2015 2:32:12 PM org.apache.solr.core.RequestHandlers initHandlersFromConfig
INFO: created /select: solr.SearchHandler
Feb 16, 2015 2:32:12 PM org.apache.solr.core.RequestHandlers initHandlersFromConfig
INFO: created /query: solr.SearchHandler
Feb 16, 2015 2:32:12 PM org.apache.solr.core.RequestHandlers initHandlersFromConfig
INFO: created /select: solr.SearchHandler
Feb 16, 2015 2:32:12 PM org.apache.solr.core.RequestHandlers initHandlersFromConfig
INFO: created /query: solr.SearchHandler
Feb 16, 2015 2:32:12 PM org.apache.solr.core.RequestHandlers initHandlersFromConfig
INFO: created /select: solr.SearchHandler
Feb 16, 2015 2:32:12 PM org.apache.solr.core.RequestHandlers initHandlersFromConfig
INFO: created /query: solr.SearchHandler
Feb 16, 2015 2:32:12 PM org.apache.solr.core.RequestHandlers initHandlersFromConfig
INFO: created /get: solr.RealTimeGetHandler
Feb 16, 2015 2:32:12 PM org.apache.solr.core.RequestHandlers initHandlersFromConfig
INFO: created /get: solr.RealTimeGetHandler
Feb 16, 2015 2:32:12 PM org.apache.solr.core.RequestHandlers initHandlersFromConfig
INFO: created /get: solr.RealTimeGetHandler
Feb 16, 2015 2:32:12 PM org.apache.solr.core.RequestHandlers initHandlersFromConfig
INFO: created /update: solr.UpdateRequestHandler
Feb 16, 2015 2:32:12 PM org.apache.solr.core.RequestHandlers initHandlersFromConfig
INFO: created /update: solr.UpdateRequestHandler
Feb 16, 2015 2:32:12 PM org.apache.solr.core.RequestHandlers initHandlersFromConfig
INFO: created /update: solr.UpdateRequestHandler
Feb 16, 2015 2:32:12 PM org.apache.solr.core.RequestHandlers initHandlersFromConfig
INFO: created /update/json: solr.JsonUpdateRequestHandler
Feb 16, 2015 2:32:12 PM org.apache.solr.core.RequestHandlers initHandlersFromConfig
INFO: created /update/json: solr.JsonUpdateRequestHandler
Feb 16, 2015 2:32:12 PM org.apache.solr.core.RequestHandlers initHandlersFromConfig
INFO: created /update/json: solr.JsonUpdateRequestHandler
Feb 16, 2015 2:32:12 PM org.apache.solr.core.RequestHandlers initHandlersFromConfig
INFO: created /update/csv: solr.CSVRequestHandler
Feb 16, 2015 2:32:12 PM org.apache.solr.core.RequestHandlers initHandlersFromConfig
INFO: adding lazy requestHandler: solr.extraction.ExtractingRequestHandler
Feb 16, 2015 2:32:12 PM org.apache.solr.core.RequestHandlers initHandlersFromConfig
INFO: created /update/csv: solr.CSVRequestHandler
Feb 16, 2015 2:32:12 PM org.apache.solr.core.RequestHandlers initHandlersFromConfig
INFO: adding lazy requestHandler: solr.extraction.ExtractingRequestHandler
Feb 16, 2015 2:32:12 PM org.apache.solr.core.RequestHandlers initHandlersFromConfig
INFO: created /update/extract: solr.extraction.ExtractingRequestHandler
Feb 16, 2015 2:32:12 PM org.apache.solr.core.RequestHandlers initHandlersFromConfig
INFO: created /update/extract: solr.extraction.ExtractingRequestHandler
Feb 16, 2015 2:32:12 PM org.apache.solr.core.RequestHandlers initHandlersFromConfig
INFO: created /update/csv: solr.CSVRequestHandler
Feb 16, 2015 2:32:12 PM org.apache.solr.core.RequestHandlers initHandlersFromConfig
INFO: adding lazy requestHandler: solr.FieldAnalysisRequestHandler
Feb 16, 2015 2:32:12 PM org.apache.solr.core.RequestHandlers initHandlersFromConfig
INFO: adding lazy requestHandler: solr.extraction.ExtractingRequestHandler
Feb 16, 2015 2:32:12 PM org.apache.solr.core.RequestHandlers initHandlersFromConfig
INFO: adding lazy requestHandler: solr.FieldAnalysisRequestHandler
Feb 16, 2015 2:32:12 PM org.apache.solr.core.RequestHandlers initHandlersFromConfig
INFO: created /update/extract: solr.extraction.ExtractingRequestHandler
Feb 16, 2015 2:32:12 PM org.apache.solr.core.RequestHandlers initHandlersFromConfig
INFO: created /analysis/field: solr.FieldAnalysisRequestHandler
Feb 16, 2015 2:32:12 PM org.apache.solr.core.RequestHandlers initHandlersFromConfig
INFO: adding lazy requestHandler: solr.FieldAnalysisRequestHandler
Feb 16, 2015 2:32:12 PM org.apache.solr.core.RequestHandlers initHandlersFromConfig
INFO: created /analysis/field: solr.FieldAnalysisRequestHandler
Feb 16, 2015 2:32:12 PM org.apache.solr.core.RequestHandlers initHandlersFromConfig
INFO: created /analysis/field: solr.FieldAnalysisRequestHandler
Feb 16, 2015 2:32:12 PM org.apache.solr.core.RequestHandlers initHandlersFromConfig
INFO: adding lazy requestHandler: solr.DocumentAnalysisRequestHandler
Feb 16, 2015 2:32:12 PM org.apache.solr.core.RequestHandlers initHandlersFromConfig
INFO: adding lazy requestHandler: solr.DocumentAnalysisRequestHandler
Feb 16, 2015 2:32:12 PM org.apache.solr.core.RequestHandlers initHandlersFromConfig
INFO: adding lazy requestHandler: solr.DocumentAnalysisRequestHandler
Feb 16, 2015 2:32:12 PM org.apache.solr.core.RequestHandlers initHandlersFromConfig
INFO: created /analysis/document: solr.DocumentAnalysisRequestHandler
Feb 16, 2015 2:32:12 PM org.apache.solr.core.RequestHandlers initHandlersFromConfig
INFO: created /analysis/document: solr.DocumentAnalysisRequestHandler
Feb 16, 2015 2:32:12 PM org.apache.solr.core.RequestHandlers initHandlersFromConfig
INFO: created /analysis/document: solr.DocumentAnalysisRequestHandler
Feb 16, 2015 2:32:12 PM org.apache.solr.core.RequestHandlers initHandlersFromConfig
INFO: created /admin/ping: solr.PingRequestHandler
Feb 16, 2015 2:32:12 PM org.apache.solr.core.RequestHandlers initHandlersFromConfig
INFO: created /admin/ping: solr.PingRequestHandler
Feb 16, 2015 2:32:12 PM org.apache.solr.core.RequestHandlers initHandlersFromConfig
INFO: created /debug/dump: solr.DumpRequestHandler
Feb 16, 2015 2:32:12 PM org.apache.solr.core.RequestHandlers initHandlersFromConfig
INFO: created /admin/ping: solr.PingRequestHandler
Feb 16, 2015 2:32:12 PM org.apache.solr.core.RequestHandlers initHandlersFromConfig
INFO: created /debug/dump: solr.DumpRequestHandler
Feb 16, 2015 2:32:12 PM org.apache.solr.core.RequestHandlers initHandlersFromConfig
INFO: created /debug/dump: solr.DumpRequestHandler
Feb 16, 2015 2:32:12 PM org.apache.solr.core.RequestHandlers initHandlersFromConfig
INFO: created /replication: solr.ReplicationHandler
Feb 16, 2015 2:32:12 PM org.apache.solr.core.RequestHandlers initHandlersFromConfig
INFO: created /replication: solr.ReplicationHandler
Feb 16, 2015 2:32:12 PM org.apache.solr.core.RequestHandlers initHandlersFromConfig
INFO: created /replication: solr.ReplicationHandler
Feb 16, 2015 2:32:12 PM org.apache.solr.core.RequestHandlers initHandlersFromConfig
INFO: created /mlt: solr.MoreLikeThisHandler
Feb 16, 2015 2:32:12 PM org.apache.solr.core.RequestHandlers initHandlersFromConfig
INFO: created /mlt: solr.MoreLikeThisHandler
Feb 16, 2015 2:32:12 PM org.apache.solr.core.RequestHandlers initHandlersFromConfig
INFO: created /mlt: solr.MoreLikeThisHandler
Feb 16, 2015 2:32:12 PM org.apache.solr.core.RequestHandlers initHandlersFromConfig
INFO: created /admin/: solr.admin.AdminHandlers
Feb 16, 2015 2:32:12 PM org.apache.solr.core.RequestHandlers initHandlersFromConfig
INFO: created /admin/: solr.admin.AdminHandlers
Feb 16, 2015 2:32:12 PM org.apache.solr.core.RequestHandlers initHandlersFromConfig
INFO: created /admin/: solr.admin.AdminHandlers
Feb 16, 2015 2:32:12 PM org.apache.solr.handler.loader.XMLLoader init
INFO: xsltCacheLifetimeSeconds=60
Feb 16, 2015 2:32:12 PM org.apache.solr.handler.loader.XMLLoader init
INFO: xsltCacheLifetimeSeconds=60
Feb 16, 2015 2:32:12 PM org.apache.solr.handler.loader.XMLLoader init
INFO: xsltCacheLifetimeSeconds=60
Feb 16, 2015 2:32:12 PM org.apache.solr.handler.loader.XMLLoader init
INFO: xsltCacheLifetimeSeconds=60
Feb 16, 2015 2:32:12 PM org.apache.solr.handler.loader.XMLLoader init
INFO: xsltCacheLifetimeSeconds=60
Feb 16, 2015 2:32:12 PM org.apache.solr.handler.loader.XMLLoader init
INFO: xsltCacheLifetimeSeconds=60
Feb 16, 2015 2:32:12 PM org.apache.solr.handler.loader.XMLLoader init
INFO: xsltCacheLifetimeSeconds=60
Feb 16, 2015 2:32:12 PM org.apache.solr.handler.loader.XMLLoader init
INFO: xsltCacheLifetimeSeconds=60
Feb 16, 2015 2:32:12 PM org.apache.solr.handler.loader.XMLLoader init
INFO: xsltCacheLifetimeSeconds=60
Feb 16, 2015 2:32:12 PM org.apache.solr.core.SolrCore close
INFO: [development]  CLOSING SolrCore org.apache.solr.core.SolrCore@681a791f
Feb 16, 2015 2:32:12 PM org.apache.solr.update.SolrCoreState decrefSolrCoreState
INFO: Closing SolrCoreState
Feb 16, 2015 2:32:12 PM org.apache.solr.update.DefaultSolrCoreState closeIndexWriter
INFO: SolrCoreState ref count has reached 0 - closing IndexWriter
Feb 16, 2015 2:32:12 PM org.apache.solr.core.SolrCore closeSearcher
INFO: [development] Closing main searcher on request.
Feb 16, 2015 2:32:12 PM org.apache.solr.core.CachingDirectoryFactory close
INFO: Closing directory when closing factory: /Users/sgharms/moose/StoryVine/solr/./development/data
Feb 16, 2015 2:32:12 PM org.apache.solr.core.CachingDirectoryFactory closeDirectory
INFO: Closing directory: /Users/sgharms/moose/StoryVine/solr/./development/data
Feb 16, 2015 2:32:12 PM org.apache.solr.search.SolrIndexSearcher <init>
INFO: Opening Searcher@144f3ba2 main
Feb 16, 2015 2:32:12 PM org.apache.solr.update.CommitTracker <init>
INFO: Hard AutoCommit: if uncommited for 15000ms; 
Feb 16, 2015 2:32:12 PM org.apache.solr.update.CommitTracker <init>
INFO: Soft AutoCommit: if uncommited for 5000ms; 
Feb 16, 2015 2:32:12 PM org.apache.solr.handler.component.SpellCheckComponent inform
INFO: Initializing spell checkers
Feb 16, 2015 2:32:12 PM org.apache.solr.spelling.DirectSolrSpellChecker init
INFO: init: {name=default,field=name,classname=solr.DirectSolrSpellChecker,distanceMeasure=internal,accuracy=0.5,maxEdits=2,minPrefix=1,maxInspections=5,minQueryLength=4,maxQueryFrequency=0.01}
Feb 16, 2015 2:32:12 PM org.apache.solr.handler.component.SpellCheckComponent inform
INFO: No queryConverter defined, using default converter
Feb 16, 2015 2:32:12 PM org.apache.solr.search.SolrIndexSearcher <init>
INFO: Opening Searcher@6f184a4f main
Feb 16, 2015 2:32:12 PM org.apache.solr.handler.ReplicationHandler inform
INFO: Commits will be reserved for  10000
Feb 16, 2015 2:32:12 PM org.apache.solr.update.CommitTracker <init>
INFO: Hard AutoCommit: if uncommited for 15000ms; 
Feb 16, 2015 2:32:12 PM org.apache.solr.update.CommitTracker <init>
INFO: Soft AutoCommit: if uncommited for 5000ms; 
Feb 16, 2015 2:32:12 PM org.apache.solr.handler.component.SpellCheckComponent inform
INFO: Initializing spell checkers
Feb 16, 2015 2:32:12 PM org.apache.solr.spelling.DirectSolrSpellChecker init
INFO: init: {name=default,field=name,classname=solr.DirectSolrSpellChecker,distanceMeasure=internal,accuracy=0.5,maxEdits=2,minPrefix=1,maxInspections=5,minQueryLength=4,maxQueryFrequency=0.01}
Feb 16, 2015 2:32:12 PM org.apache.solr.handler.component.SpellCheckComponent inform
INFO: No queryConverter defined, using default converter
Feb 16, 2015 2:32:12 PM org.apache.solr.handler.ReplicationHandler inform
INFO: Commits will be reserved for  10000
Feb 16, 2015 2:32:12 PM org.apache.solr.core.SolrCore registerSearcher
INFO: [test] Registered new searcher Searcher@144f3ba2 main{StandardDirectoryReader(segments_1:1)}
Feb 16, 2015 2:32:12 PM org.apache.solr.core.SolrCore registerSearcher
INFO: [default] Registered new searcher Searcher@6f184a4f main{StandardDirectoryReader(segments_28:287 _2f(4.2):C33/2 _2h(4.2):C1 _2j(4.2):C1)}
Feb 16, 2015 2:32:12 PM org.apache.solr.core.CoreContainer registerCore
INFO: registering core: test
Feb 16, 2015 2:32:12 PM org.apache.solr.core.CoreContainer registerCore
INFO: registering core: default
Feb 16, 2015 2:34:13 PM org.apache.solr.core.CachingDirectoryFactory close
SEVERE: Timeout waiting for all directory ref counts to be released
Feb 16, 2015 2:34:13 PM org.apache.solr.core.CachingDirectoryFactory close
INFO: Closing directory when closing factory: /Users/sgharms/moose/StoryVine/solr/./development/data/index
Feb 16, 2015 2:34:13 PM org.apache.solr.core.CachingDirectoryFactory closeDirectory
INFO: Closing directory: /Users/sgharms/moose/StoryVine/solr/./development/data/index
Feb 16, 2015 2:34:13 PM org.apache.solr.core.CoreContainer recordAndThrow
SEVERE: Unable to create core: development
org.apache.solr.common.SolrException: Error opening new searcher
	at org.apache.solr.core.SolrCore.<init>(SolrCore.java:806)
	at org.apache.solr.core.SolrCore.<init>(SolrCore.java:619)
	at org.apache.solr.core.CoreContainer.createFromLocal(CoreContainer.java:1021)
	at org.apache.solr.core.CoreContainer.create(CoreContainer.java:1051)
	at org.apache.solr.core.CoreContainer$3.call(CoreContainer.java:634)
	at org.apache.solr.core.CoreContainer$3.call(CoreContainer.java:629)
	at java.util.concurrent.FutureTask$Sync.innerRun(FutureTask.java:303)
	at java.util.concurrent.FutureTask.run(FutureTask.java:138)
	at java.util.concurrent.Executors$RunnableAdapter.call(Executors.java:439)
	at java.util.concurrent.FutureTask$Sync.innerRun(FutureTask.java:303)
	at java.util.concurrent.FutureTask.run(FutureTask.java:138)
	at java.util.concurrent.ThreadPoolExecutor$Worker.runTask(ThreadPoolExecutor.java:895)
	at java.util.concurrent.ThreadPoolExecutor$Worker.run(ThreadPoolExecutor.java:918)
	at java.lang.Thread.run(Thread.java:695)
Caused by: org.apache.solr.common.SolrException: Error opening new searcher
	at org.apache.solr.core.SolrCore.openNewSearcher(SolrCore.java:1415)
	at org.apache.solr.core.SolrCore.getSearcher(SolrCore.java:1527)
	at org.apache.solr.core.SolrCore.<init>(SolrCore.java:781)
	... 13 more
Caused by: java.io.FileNotFoundException: /Users/sgharms/moose/StoryVine/solr/development/data/index/_1.si (No such file or directory)
	at java.io.RandomAccessFile.open(Native Method)
	at java.io.RandomAccessFile.<init>(RandomAccessFile.java:216)
	at org.apache.lucene.store.FSDirectory$FSIndexInput.<init>(FSDirectory.java:409)
	at org.apache.lucene.store.NIOFSDirectory$NIOFSIndexInput.<init>(NIOFSDirectory.java:123)
	at org.apache.lucene.store.NIOFSDirectory.openInput(NIOFSDirectory.java:80)
	at org.apache.lucene.store.NRTCachingDirectory.openInput(NRTCachingDirectory.java:232)
	at org.apache.lucene.codecs.lucene40.Lucene40SegmentInfoReader.read(Lucene40SegmentInfoReader.java:50)
	at org.apache.lucene.index.SegmentInfos.read(SegmentInfos.java:301)
	at org.apache.lucene.index.StandardDirectoryReader$1.doBody(StandardDirectoryReader.java:56)
	at org.apache.lucene.index.SegmentInfos$FindSegmentsFile.run(SegmentInfos.java:783)
	at org.apache.lucene.index.StandardDirectoryReader.open(StandardDirectoryReader.java:52)
	at org.apache.lucene.index.DirectoryReader.open(DirectoryReader.java:87)
	at org.apache.solr.core.StandardIndexReaderFactory.newReader(StandardIndexReaderFactory.java:34)
	at org.apache.solr.search.SolrIndexSearcher.<init>(SolrIndexSearcher.java:124)
	at org.apache.solr.core.SolrCore.openNewSearcher(SolrCore.java:1391)
	... 15 more
Feb 16, 2015 2:34:13 PM org.apache.solr.common.SolrException log
SEVERE: null:org.apache.solr.common.SolrException: Unable to create core: development
	at org.apache.solr.core.CoreContainer.recordAndThrow(CoreContainer.java:1672)
	at org.apache.solr.core.CoreContainer.create(CoreContainer.java:1057)
	at org.apache.solr.core.CoreContainer$3.call(CoreContainer.java:634)
	at org.apache.solr.core.CoreContainer$3.call(CoreContainer.java:629)
	at java.util.concurrent.FutureTask$Sync.innerRun(FutureTask.java:303)
	at java.util.concurrent.FutureTask.run(FutureTask.java:138)
	at java.util.concurrent.Executors$RunnableAdapter.call(Executors.java:439)
	at java.util.concurrent.FutureTask$Sync.innerRun(FutureTask.java:303)
	at java.util.concurrent.FutureTask.run(FutureTask.java:138)
	at java.util.concurrent.ThreadPoolExecutor$Worker.runTask(ThreadPoolExecutor.java:895)
	at java.util.concurrent.ThreadPoolExecutor$Worker.run(ThreadPoolExecutor.java:918)
	at java.lang.Thread.run(Thread.java:695)
Caused by: org.apache.solr.common.SolrException: Error opening new searcher
	at org.apache.solr.core.SolrCore.<init>(SolrCore.java:806)
	at org.apache.solr.core.SolrCore.<init>(SolrCore.java:619)
	at org.apache.solr.core.CoreContainer.createFromLocal(CoreContainer.java:1021)
	at org.apache.solr.core.CoreContainer.create(CoreContainer.java:1051)
	... 10 more
Caused by: org.apache.solr.common.SolrException: Error opening new searcher
	at org.apache.solr.core.SolrCore.openNewSearcher(SolrCore.java:1415)
	at org.apache.solr.core.SolrCore.getSearcher(SolrCore.java:1527)
	at org.apache.solr.core.SolrCore.<init>(SolrCore.java:781)
	... 13 more
Caused by: java.io.FileNotFoundException: /Users/sgharms/moose/StoryVine/solr/development/data/index/_1.si (No such file or directory)
	at java.io.RandomAccessFile.open(Native Method)
	at java.io.RandomAccessFile.<init>(RandomAccessFile.java:216)
	at org.apache.lucene.store.FSDirectory$FSIndexInput.<init>(FSDirectory.java:409)
	at org.apache.lucene.store.NIOFSDirectory$NIOFSIndexInput.<init>(NIOFSDirectory.java:123)
	at org.apache.lucene.store.NIOFSDirectory.openInput(NIOFSDirectory.java:80)
	at org.apache.lucene.store.NRTCachingDirectory.openInput(NRTCachingDirectory.java:232)
	at org.apache.lucene.codecs.lucene40.Lucene40SegmentInfoReader.read(Lucene40SegmentInfoReader.java:50)
	at org.apache.lucene.index.SegmentInfos.read(SegmentInfos.java:301)
	at org.apache.lucene.index.StandardDirectoryReader$1.doBody(StandardDirectoryReader.java:56)
	at org.apache.lucene.index.SegmentInfos$FindSegmentsFile.run(SegmentInfos.java:783)
	at org.apache.lucene.index.StandardDirectoryReader.open(StandardDirectoryReader.java:52)
	at org.apache.lucene.index.DirectoryReader.open(DirectoryReader.java:87)
	at org.apache.solr.core.StandardIndexReaderFactory.newReader(StandardIndexReaderFactory.java:34)
	at org.apache.solr.search.SolrIndexSearcher.<init>(SolrIndexSearcher.java:124)
	at org.apache.solr.core.SolrCore.openNewSearcher(SolrCore.java:1391)
	... 15 more

Feb 16, 2015 2:34:13 PM org.apache.solr.servlet.SolrDispatchFilter init
INFO: user.dir=/Users/sgharms/.gem/ruby/2.1.2/gems/sunspot_solr-2.1.1/solr
Feb 16, 2015 2:34:13 PM org.apache.solr.servlet.SolrDispatchFilter init
INFO: SolrDispatchFilter.init() done
